\BOOKMARK [1][-]{section.1}{Introduction}{}% 1
\BOOKMARK [1][-]{section.2}{Analysis}{}% 2
\BOOKMARK [2][-]{subsubsection.2.0.1}{Terms and definitions}{section.2}% 3
\BOOKMARK [2][-]{subsection.2.1}{Epic}{section.2}% 4
\BOOKMARK [2][-]{subsection.2.2}{User stories}{section.2}% 5
\BOOKMARK [2][-]{subsection.2.3}{Use-cases}{section.2}% 6
\BOOKMARK [2][-]{subsection.2.4}{Use-case diagram}{section.2}% 7
\BOOKMARK [2][-]{subsection.2.5}{Domain model}{section.2}% 8
\BOOKMARK [1][-]{section.3}{Testing}{}% 9
\BOOKMARK [2][-]{subsection.3.1}{General tests}{section.3}% 10
\BOOKMARK [2][-]{subsection.3.2}{Acceptance tests}{section.3}% 11
\BOOKMARK [2][-]{subsection.3.3}{Use-case testing}{section.3}% 12
\BOOKMARK [1][-]{section.4}{Design model}{}% 13
\BOOKMARK [2][-]{subsection.4.1}{Class diagram}{section.4}% 14
\BOOKMARK [2][-]{subsection.4.2}{Sequence diagram}{section.4}% 15
\BOOKMARK [2][-]{subsection.4.3}{Communication diagram}{section.4}% 16
\BOOKMARK [2][-]{subsection.4.4}{Hardware architecture}{section.4}% 17
\BOOKMARK [1][-]{section.5}{Installation manual}{}% 18
\BOOKMARK [2][-]{subsubsection.5.0.1}{Prerequisites}{section.5}% 19
\BOOKMARK [2][-]{subsection.5.1}{Installation}{section.5}% 20
\BOOKMARK [3][-]{subsubsection.5.1.1}{Hotspot}{subsection.5.1}% 21
\BOOKMARK [3][-]{subsubsection.5.1.2}{Flask / Socket.IO \(Python\)}{subsection.5.1}% 22
\BOOKMARK [3][-]{subsubsection.5.1.3}{OpenCV / Mjpg-streamer}{subsection.5.1}% 23
\BOOKMARK [2][-]{subsection.5.2}{Configure startup}{section.5}% 24
\BOOKMARK [2][-]{subsection.5.3}{Configure addresses and ports}{section.5}% 25
\BOOKMARK [2][-]{subsection.5.4}{Configure face recognition}{section.5}% 26
\BOOKMARK [2][-]{subsection.5.5}{Configure Wifi hotspot}{section.5}% 27
\BOOKMARK [1][-]{section.6}{User manual}{}% 28
\BOOKMARK [2][-]{subsection.6.1}{Web application}{section.6}% 29
\BOOKMARK [3][-]{subsubsection.6.1.1}{Camera-feed}{subsection.6.1}% 30
\BOOKMARK [3][-]{subsubsection.6.1.2}{Rover control}{subsection.6.1}% 31
\BOOKMARK [3][-]{subsubsection.6.1.3}{Text prompt}{subsection.6.1}% 32
\BOOKMARK [3][-]{subsubsection.6.1.4}{Microphone}{subsection.6.1}% 33
\BOOKMARK [2][-]{subsection.6.2}{Mobile application}{section.6}% 34
