\BOOKMARK [1][-]{section.1}{Introduction}{}% 1
\BOOKMARK [1][-]{section.2}{Cooperation agreement}{}% 2
\BOOKMARK [2][-]{subsection.2.1}{Communication}{section.2}% 3
\BOOKMARK [2][-]{subsection.2.2}{Tools}{section.2}% 4
\BOOKMARK [2][-]{subsection.2.3}{Roles}{section.2}% 5
\BOOKMARK [2][-]{subsection.2.4}{Tasks}{section.2}% 6
\BOOKMARK [2][-]{subsection.2.5}{Expectations}{section.2}% 7
\BOOKMARK [2][-]{subsection.2.6}{Educational goals}{section.2}% 8
\BOOKMARK [2][-]{subsection.2.7}{Daily stand-up}{section.2}% 9
\BOOKMARK [2][-]{subsection.2.8}{Absence}{section.2}% 10
\BOOKMARK [1][-]{section.3}{SWOT Analysis}{}% 11
\BOOKMARK [2][-]{subsection.3.1}{Individual analyses}{section.3}% 12
\BOOKMARK [3][-]{subsubsection.3.1.1}{Damian}{subsection.3.1}% 13
\BOOKMARK [3][-]{subsubsection.3.1.2}{Mohamed}{subsection.3.1}% 14
\BOOKMARK [3][-]{subsubsection.3.1.3}{Mustafa}{subsection.3.1}% 15
\BOOKMARK [3][-]{subsubsection.3.1.4}{Yoshio}{subsection.3.1}% 16
\BOOKMARK [2][-]{subsection.3.2}{Group analysis}{section.3}% 17
\BOOKMARK [1][-]{section.4}{Feedback forms}{}% 18
\BOOKMARK [1][-]{section.5}{Educational goals SMART}{}% 19
\BOOKMARK [2][-]{subsection.5.1}{Damian}{section.5}% 20
\BOOKMARK [2][-]{subsection.5.2}{Mohamed}{section.5}% 21
\BOOKMARK [2][-]{subsection.5.3}{Mustafa}{section.5}% 22
\BOOKMARK [2][-]{subsection.5.4}{Yoshio}{section.5}% 23
\BOOKMARK [1][-]{section.6}{Feedback based educational goals}{}% 24
\BOOKMARK [2][-]{subsection.6.1}{Damian}{section.6}% 25
\BOOKMARK [2][-]{subsection.6.2}{Mohamed}{section.6}% 26
\BOOKMARK [2][-]{subsection.6.3}{Mustafa}{section.6}% 27
\BOOKMARK [2][-]{subsection.6.4}{Yoshio}{section.6}% 28
\BOOKMARK [1][-]{section.7}{Impediments}{}% 29
\BOOKMARK [2][-]{subsection.7.1}{Rough start}{section.7}% 30
\BOOKMARK [2][-]{subsection.7.2}{Amphibious ambiguity}{section.7}% 31
\BOOKMARK [2][-]{subsection.7.3}{Magnetometer}{section.7}% 32
\BOOKMARK [2][-]{subsection.7.4}{Microphone}{section.7}% 33
